0 info it worked if it ends with ok
1 verbose cli [ 'C:\\Program Files\\nodejs\\node.exe',
1 verbose cli   'C:\\Program Files\\nodejs\\node_modules\\npm\\bin\\npm-cli.js',
1 verbose cli   'start' ]
2 info using npm@3.10.10
3 info using node@v6.10.2
4 verbose run-script [ 'prestart', 'start', 'poststart' ]
5 info lifecycle nodetests@1.0.0~prestart: nodetests@1.0.0
6 silly lifecycle nodetests@1.0.0~prestart: no script for prestart, continuing
7 info lifecycle nodetests@1.0.0~start: nodetests@1.0.0
8 verbose lifecycle nodetests@1.0.0~start: unsafe-perm in lifecycle true
9 verbose lifecycle nodetests@1.0.0~start: PATH: C:\Program Files\nodejs\node_modules\npm\bin\node-gyp-bin;D:\testNode\node_modules\.bin;c:\program files\graphicsmagick-1.3.22-q16;C:\ProgramData\Oracle\Java\javapath;C:\Program Files\Common Files\Siemens\Automation\Simatic OAM\bin;C:\Program Files (x86)\Intel\iCLS Client\;C:\Program Files\Intel\iCLS Client\;C:\WINDOWS\system32;C:\WINDOWS;C:\WINDOWS\System32\Wbem;C:\WINDOWS\System32\WindowsPowerShell\v1.0\;c:\Program Files\Intel\WiFi\bin\;c:\Program Files\Common Files\Intel\WirelessCommon\;C:\Program Files (x86)\Intel\Intel(R) Management Engine Components\DAL;C:\Program Files\Intel\Intel(R) Management Engine Components\DAL;C:\Program Files (x86)\Intel\Intel(R) Management Engine Components\IPT;C:\Program Files\Intel\Intel(R) Management Engine Components\IPT;c:\Program Files (x86)\Microsoft SQL Server\100\Tools\Binn\;c:\Program Files (x86)\Microsoft SQL Server\100\DTS\Binn\;C:\Program Files\Git\cmd;C:\Program Files\nodejs\;C:\xampp\php;C:\ProgramData\ComposerSetup\bin;C:\Program Files\PuTTY\;C:\Users\soucik\AppData\Local\Microsoft\WindowsApps;;C:\Program Files (x86)\Microsoft VS Code\bin;C:\Users\soucik\AppData\Roaming\npm;C:\Users\soucik\AppData\Roaming\Composer\vendor\bin
10 verbose lifecycle nodetests@1.0.0~start: CWD: D:\testNode
11 silly lifecycle nodetests@1.0.0~start: Args: [ '/d /s /c', 'node chat-server.js' ]
12 silly lifecycle nodetests@1.0.0~start: Returned: code: 1  signal: null
13 info lifecycle nodetests@1.0.0~start: Failed to exec start script
14 verbose stack Error: nodetests@1.0.0 start: `node chat-server.js`
14 verbose stack Exit status 1
14 verbose stack     at EventEmitter.<anonymous> (C:\Program Files\nodejs\node_modules\npm\lib\utils\lifecycle.js:255:16)
14 verbose stack     at emitTwo (events.js:106:13)
14 verbose stack     at EventEmitter.emit (events.js:191:7)
14 verbose stack     at ChildProcess.<anonymous> (C:\Program Files\nodejs\node_modules\npm\lib\utils\spawn.js:40:14)
14 verbose stack     at emitTwo (events.js:106:13)
14 verbose stack     at ChildProcess.emit (events.js:191:7)
14 verbose stack     at maybeClose (internal/child_process.js:886:16)
14 verbose stack     at Process.ChildProcess._handle.onexit (internal/child_process.js:226:5)
15 verbose pkgid nodetests@1.0.0
16 verbose cwd D:\testNode
17 error Windows_NT 10.0.15063
18 error argv "C:\\Program Files\\nodejs\\node.exe" "C:\\Program Files\\nodejs\\node_modules\\npm\\bin\\npm-cli.js" "start"
19 error node v6.10.2
20 error npm  v3.10.10
21 error code ELIFECYCLE
22 error nodetests@1.0.0 start: `node chat-server.js`
22 error Exit status 1
23 error Failed at the nodetests@1.0.0 start script 'node chat-server.js'.
23 error Make sure you have the latest version of node.js and npm installed.
23 error If you do, this is most likely a problem with the nodetests package,
23 error not with npm itself.
23 error Tell the author that this fails on your system:
23 error     node chat-server.js
23 error You can get information on how to open an issue for this project with:
23 error     npm bugs nodetests
23 error Or if that isn't available, you can get their info via:
23 error     npm owner ls nodetests
23 error There is likely additional logging output above.
24 verbose exit [ 1, true ]
